<?xml version="1.0" encoding="UTF-8"?>
<!-- Generated by org.testng.reporters.JUnitReportReporter -->
<testsuite hostname="DESKTOP-J5OLTFL" failures="0" tests="2" name="Organization.CreateOrganizationTest" time="80.390" errors="0" timestamp="2024-06-27T11:07:08 IST" skipped="1">
  <testcase classname="Organization.CreateOrganizationTest" name="createOrganizationTest" time="46.792">
    <skipped/>
  </testcase> <!-- createOrganizationTest -->
  <system-out/>
  <testcase classname="Organization.CreateOrganizationTest" name="createOrganizationTest" time="33.598"/>
  <system-out/>
</testsuite> <!-- Organization.CreateOrganizationTest -->
