<?xml version="1.0" encoding="UTF-8"?>
<!-- Generated by org.testng.reporters.JUnitReportReporter -->
<testsuite hostname="DESKTOP-J5OLTFL" failures="0" tests="1" name="Product.CreateProductTest" time="69.249" errors="0" timestamp="2024-06-24T11:15:57 IST" skipped="0">
  <testcase classname="Product.CreateProductTest" name="createProductTest" time="69.249"/>
  <system-out/>
</testsuite> <!-- Product.CreateProductTest -->
